  main.cpp
E:\Random Programs\smfl\smfl\main.cpp(13,20): warning C4018: '<': signed/unsigned mismatch
E:\Random Programs\smfl\smfl\main.cpp(15,77): warning C4244: 'argument': conversion from 'int' to 'T', possible loss of data
          with
          [
              T=float
          ]
E:\Random Programs\smfl\smfl\main.cpp(15,59): warning C4244: 'argument': conversion from 'unsigned int' to 'T', possible loss of data
          with
          [
              T=float
          ]
E:\Random Programs\smfl\smfl\main.cpp(17,22): warning C4244: 'argument': conversion from 'unsigned int' to 'float', possible loss of data
E:\Random Programs\smfl\smfl\main.cpp(52,20): warning C4018: '<': signed/unsigned mismatch
E:\Random Programs\smfl\smfl\main.cpp(67,40): warning C4018: '<': signed/unsigned mismatch
E:\Random Programs\smfl\smfl\main.cpp(77,35): warning C4018: '<': signed/unsigned mismatch
E:\Random Programs\smfl\smfl\main.cpp(85,22): warning C4018: '<': signed/unsigned mismatch
E:\Random Programs\smfl\smfl\main.cpp(107,31): warning C4018: '<': signed/unsigned mismatch
E:\Random Programs\smfl\smfl\main.cpp(134,21): warning C4018: '<': signed/unsigned mismatch
E:\Random Programs\smfl\smfl\main.cpp(169,20): warning C4018: '<': signed/unsigned mismatch
E:\Random Programs\smfl\smfl\main.cpp(184,20): warning C4244: 'initializing': conversion from '_Rep' to 'unsigned int', possible loss of data
          with
          [
              _Rep=std::chrono::system_clock::rep
          ]
  smfl.vcxproj -> E:\Random Programs\smfl\Debug\smfl.exe
